<?xml version="1.0" encoding="UTF-8"?>
<testng-results skipped="0" failed="0" ignored="0" total="4" passed="4">
  <reporter-output>
  </reporter-output>
  <suite name="First Suite" duration-ms="86167" started-at="2019-12-15T00:34:03 IST" finished-at="2019-12-15T00:35:29 IST">
    <groups>
    </groups>
    <test name="NewTest" duration-ms="86167" started-at="2019-12-15T00:34:03 IST" finished-at="2019-12-15T00:35:29 IST">
      <class name="DiggSite.SearchSite">
        <test-method status="PASS" signature="beforeTest()[pri:0, instance:DiggSite.SearchSite@1786dec2]" name="beforeTest" is-config="true" duration-ms="29334" started-at="2019-12-15T00:34:03 IST" finished-at="2019-12-15T00:34:32 IST">
          <reporter-output>
          </reporter-output>
        </test-method> <!-- beforeTest -->
        <test-method status="PASS" signature="searchCameraFromSearchBox()[pri:0, instance:DiggSite.SearchSite@1786dec2]" name="searchCameraFromSearchBox" duration-ms="22212" started-at="2019-12-15T00:34:32 IST" finished-at="2019-12-15T00:34:54 IST">
          <reporter-output>
          </reporter-output>
        </test-method> <!-- searchCameraFromSearchBox -->
        <test-method status="PASS" signature="subHedingLongReads()[pri:0, instance:DiggSite.SearchSite@1786dec2]" name="subHedingLongReads" duration-ms="8843" started-at="2019-12-15T00:34:56 IST" finished-at="2019-12-15T00:35:05 IST">
          <reporter-output>
          </reporter-output>
        </test-method> <!-- subHedingLongReads -->
        <test-method status="PASS" signature="subHedingPhot()[pri:0, instance:DiggSite.SearchSite@1786dec2]" name="subHedingPhot" duration-ms="6554" started-at="2019-12-15T00:35:07 IST" finished-at="2019-12-15T00:35:13 IST">
          <reporter-output>
          </reporter-output>
        </test-method> <!-- subHedingPhot -->
        <test-method status="PASS" signature="subHedingPhotos()[pri:0, instance:DiggSite.SearchSite@1786dec2]" name="subHedingPhotos" duration-ms="5668" started-at="2019-12-15T00:35:14 IST" finished-at="2019-12-15T00:35:20 IST">
          <reporter-output>
          </reporter-output>
        </test-method> <!-- subHedingPhotos -->
        <test-method status="PASS" signature="afterTest()[pri:0, instance:DiggSite.SearchSite@1786dec2]" name="afterTest" is-config="true" duration-ms="7936" started-at="2019-12-15T00:35:21 IST" finished-at="2019-12-15T00:35:29 IST">
          <reporter-output>
          </reporter-output>
        </test-method> <!-- afterTest -->
      </class> <!-- DiggSite.SearchSite -->
    </test> <!-- NewTest -->
  </suite> <!-- First Suite -->
</testng-results>
