<?xml version="1.0" encoding="UTF-8"?>
<testng-results ignored="0" total="2" passed="2" failed="0" skipped="0">
  <reporter-output>
  </reporter-output>
  <suite started-at="2023-02-01T14:29:56Z" name="Suite" finished-at="2023-02-01T14:29:57Z" duration-ms="1417">
    <groups>
      <group name="cucumber">
        <method signature="AbstractTestNGCucumberTests.runScenario(io.cucumber.testng.PickleWrapper, io.cucumber.testng.FeatureWrapper)[pri:0, instance:com.Test.RCBValidation.Runner.RunnerCuke$RunCuke@258e2e41]" name="runScenario" class="io.cucumber.testng.AbstractTestNGCucumberTests"/>
      </group> <!-- cucumber -->
    </groups>
    <test started-at="2023-02-01T14:29:56Z" name="RunCuke" finished-at="2023-02-01T14:29:57Z" duration-ms="1417">
      <class name="com.Test.RCBValidation.Runner.RunnerCuke$RunCuke">
        <test-method is-config="true" signature="setUpClass(org.testng.ITestContext)[pri:0, instance:com.Test.RCBValidation.Runner.RunnerCuke$RunCuke@258e2e41]" started-at="2023-02-01T14:29:56Z" name="setUpClass" finished-at="2023-02-01T14:29:56Z" duration-ms="323" status="PASS">
          <params>
            <param index="0">
              <value>
                <![CDATA[org.testng.TestRunner@6d6d480c]]>
              </value>
            </param>
          </params>
          <reporter-output>
          </reporter-output>
        </test-method> <!-- setUpClass -->
        <test-method signature="runScenario(io.cucumber.testng.PickleWrapper, io.cucumber.testng.FeatureWrapper)[pri:0, instance:com.Test.RCBValidation.Runner.RunnerCuke$RunCuke@258e2e41]" started-at="2023-02-01T14:29:56Z" name="runScenario" description="Runs Cucumber Scenarios" data-provider="scenarios" finished-at="2023-02-01T14:29:57Z" duration-ms="874" status="PASS">
          <params>
            <param index="0">
              <value>
                <![CDATA["Only four foreign player"]]>
              </value>
            </param>
            <param index="1">
              <value>
                <![CDATA["Validation of the Team"]]>
              </value>
            </param>
          </params>
          <reporter-output>
          </reporter-output>
        </test-method> <!-- runScenario -->
        <test-method signature="runScenario(io.cucumber.testng.PickleWrapper, io.cucumber.testng.FeatureWrapper)[pri:0, instance:com.Test.RCBValidation.Runner.RunnerCuke$RunCuke@258e2e41]" started-at="2023-02-01T14:29:57Z" name="runScenario" description="Runs Cucumber Scenarios" data-provider="scenarios" finished-at="2023-02-01T14:29:57Z" duration-ms="22" status="PASS">
          <params>
            <param index="0">
              <value>
                <![CDATA["Atleast one Wicketkeeper"]]>
              </value>
            </param>
            <param index="1">
              <value>
                <![CDATA["Validation of the Team"]]>
              </value>
            </param>
          </params>
          <reporter-output>
          </reporter-output>
        </test-method> <!-- runScenario -->
        <test-method is-config="true" signature="tearDownClass()[pri:0, instance:com.Test.RCBValidation.Runner.RunnerCuke$RunCuke@258e2e41]" started-at="2023-02-01T14:29:57Z" name="tearDownClass" finished-at="2023-02-01T14:29:57Z" duration-ms="188" status="PASS">
          <reporter-output>
          </reporter-output>
        </test-method> <!-- tearDownClass -->
      </class> <!-- com.Test.RCBValidation.Runner.RunnerCuke$RunCuke -->
    </test> <!-- RunCuke -->
  </suite> <!-- Suite -->
</testng-results>
