<?xml version="1.0" encoding="UTF-8"?>
<testsuite xmlns:xsi="http://www.w3.org/2001/XMLSchema-instance" xsi:noNamespaceSchemaLocation="https://maven.apache.org/surefire/maven-surefire-plugin/xsd/surefire-test-report.xsd" name="TestSuite" time="1.663" tests="2" errors="0" skipped="0" failures="0">
  <properties>
[...]
</properties>
  <testcase name="runScenario" classname="com.Test.RCBValidation.Runner.RunnerCuke$RunCuke" time="0.875"/>
  <testcase name="runScenario" classname="com.Test.RCBValidation.Runner.RunnerCuke$RunCuke" time="0.021"/>
</testsuite>