<?xml version="1.0" encoding="UTF-8"?>
<testng-results skipped="0" failed="0" ignored="0" total="1" passed="1">
  <reporter-output>
  </reporter-output>
  <suite name="First Suite" duration-ms="63290" started-at="2019-12-15T09:57:43 IST" finished-at="2019-12-15T09:58:47 IST">
    <groups>
    </groups>
    <test name="NewTest" duration-ms="63290" started-at="2019-12-15T09:57:43 IST" finished-at="2019-12-15T09:58:47 IST">
      <class name="HonestFoodCompany.BasicTest.addToCartTest">
        <test-method status="PASS" signature="beforeTest()[pri:0, instance:HonestFoodCompany.BasicTest.addToCartTest@2d6eabae]" name="beforeTest" is-config="true" duration-ms="15009" started-at="2019-12-15T09:57:43 IST" finished-at="2019-12-15T09:57:58 IST">
          <reporter-output>
          </reporter-output>
        </test-method> <!-- beforeTest -->
        <test-method status="PASS" signature="addToCartFuntion(java.lang.String)[pri:0, instance:HonestFoodCompany.BasicTest.addToCartTest@2d6eabae]" name="addToCartFuntion" duration-ms="36079" started-at="2019-12-15T09:57:58 IST" finished-at="2019-12-15T09:58:34 IST">
          <params>
            <param index="0">
              <value>
                <![CDATA[Cheesy Pork Burrito]]>
              </value>
            </param>
          </params>
          <reporter-output>
          </reporter-output>
        </test-method> <!-- addToCartFuntion -->
        <test-method status="PASS" signature="afterTest()[pri:0, instance:HonestFoodCompany.BasicTest.addToCartTest@2d6eabae]" name="afterTest" is-config="true" duration-ms="9577" started-at="2019-12-15T09:58:37 IST" finished-at="2019-12-15T09:58:47 IST">
          <reporter-output>
          </reporter-output>
        </test-method> <!-- afterTest -->
      </class> <!-- HonestFoodCompany.BasicTest.addToCartTest -->
    </test> <!-- NewTest -->
  </suite> <!-- First Suite -->
</testng-results>
